[INFO] App version: v2.7_b, beta: True
[.] Loading modules
[..] Initializing network
[...] Connecting...
[19:04:13] [*] Accessing system...
[19:04:14] [+] Port 15243 open
[19:04:15] [!] Connection lost.
[19:04:15] [*] Scanning open ports...
[2025-07-24 19:04:15] ❌ 시스템 방화벽 활성화됨.
[19:04:16] [!] Connection lost.
[19:04:17] [+] Operation complete.
[19:04:17] [!] Attack Failed: Attack Type: D-DOS Error Format: Defended
[2025-07-24 19:04:18] ⚠️ Network instability detected!
[19:04:18] [!] Port 63830 (HTTP) close.
[19:04:19] [+] D-DOS Complete.
[19:04:20] [*] Reestablishing connection...
[19:04:21] [*] Scanning open ports...
[19:04:22] [*] Uploading malware...
[19:04:23] [*] Reestablishing connection...
[19:04:23] [!] Attack Failed: Attack Type: Worm computer virus program(aaa.exe) Error Format: Defended(deleted File)
