[INFO] App version: v2.7_b, beta: true
[.] Loading modules
[..] Initializing network
[...] Connecting...
[19:57:16] [+] Password found: RQHZVgUk
[19:57:16] [!] Attack Failed: Attack Type: D-DOS Error Format: Defended
[19:57:17] [!] ERR 404 Target 128.122.182.116 is No Found.
[19:57:18] [*] Accessing system...
[19:57:18] [!] Attack Failed: Attack Type: Worm computer virus program(aaa.exe) Error Format: Defended(deleted File)
[19:57:19] [*] Exfiltrating data...
[19:57:20] [*] Uploading malware...
[19:57:21] [+] Password found: RQHZVgUk
[19:57:21] [+] Port 15936 (HTTP) open
[19:57:22] [!] Port 18059 (HTTP) close.
[19:57:22] [!] Backdoor installed successfully.
[19:57:23] [!] Port 18059 (HTTP) close.
[19:57:24] [+] D-DOS Complete.
[19:57:25] [*] Uploading malware...
[19:57:25] [!] Port 14877 (SSH) close
[19:57:26] [!] Port 14877 (SSH) close
[19:57:26] [+] Operation complete.
[19:57:27] [+] D-DOS Complete.
[19:57:28] [+] Port 15936 (HTTP) open
[19:57:29] [!] Port 18059 (HTTP) close.
[19:57:29] [+] Port 15936 (HTTP) open
[19:57:30] [+] Operation complete.
[19:57:31] [+] D-DOS Complete.
[19:57:31] [+] Port 53011 open
[19:57:32] [+] Port 64263 (SSH) open
[19:57:33] [!] Firewall bypassed
[19:57:33] [!] Attack Failed: Attack Type: D-DOS Error Format: Defended
[19:57:34] [*] Brute forcing password...
[19:57:35] [!] Attack Failed: Attack Type: Worm computer virus program(aaa.exe) Error Format: Defended(deleted File)
[19:57:35] [+] D-DOS Complete.
[19:57:36] [+] Password found: RQHZVgUk
[19:57:37] [*] Accessing system...
[19:57:37] [*] Exfiltrating data...
[19:57:38] [*] Accessing system...
[19:57:38] [+] Port 15936 (HTTP) open
[19:57:39] [+] D-DOS Complete.
[19:57:40] [!] Connection lost.
[19:57:41] [!] Firewall bypassed
[19:57:41] [+] D-DOS Complete.
[19:57:42] [+] D-DOS Complete.
[19:57:43] [*] Scanning open ports...
[19:57:43] [+] Port 53011 open
[19:57:44] [!] Backdoor installed successfully.
[19:57:44] [!] Firewall bypassed
[19:57:45] [+] Port 15936 (HTTP) open
[19:57:46] [+] Port 15936 (HTTP) open
[19:57:47] [!] D-DOS Confirmed.
[19:57:48] [!] Attack Failed: Attack Type: Worm computer virus program(aaa.exe) Error Format: Defended(deleted File)
[19:57:48] [!] Connection lost.
[19:57:49] [+] Port 64263 (SSH) open
[19:57:49] [*] Scanning open ports...
[19:57:50] [+] Downloading files...
[19:57:50] [*] Brute forcing password...
[19:57:51] [+] Port 15936 (HTTP) open
[19:57:52] [!] Port 14877 (SSH) close
[19:57:53] [!] Port 18059 (HTTP) close.
[19:57:53] [!] Connection lost.
[19:57:54] [!] ERR 404 Target 128.122.182.116 is No Found.
[19:57:54] [+] Connected to secure shell
[19:57:55] [!] D-DOS Confirmed.
[19:57:56] [+] D-DOS Complete.
[19:57:56] [!] ERR 404 Target 128.122.182.116 is No Found.
[19:57:57] [*] Scanning open ports...
[.] Loading modules
[..] Initializing network
[...] Connecting...
[22:20:24] [!] Backdoor installed successfully.
[22:20:24] [+] Operation complete.
[22:20:25] [*] Reestablishing connection...
[22:20:25] [+] D-DOS Complete.
[22:20:26] [*] Accessing system...
[22:20:27] [!] Firewall bypassed
[22:20:27] [+] Port 47716 (HTTP) open
[22:20:28] [+] Port 21320 (SSH) open
[22:20:29] [!] Firewall bypassed
[22:20:30] [!] D-DOS Confirmed.
[22:20:31] [+] Port 21320 (SSH) open
[22:20:31] [+] Port 47716 (HTTP) open
[22:20:32] [+] D-DOS Complete.
[22:20:32] [*] Target found at 38.127.92.164
[22:20:33] [+] Port 47716 (HTTP) open
[22:20:34] [!] Attack Failed: Attack Type: D-DOS Error Format: Defended
[22:20:34] [!] Attack Failed: Attack Type: D-DOS Error Format: Defended
[22:20:35] [+] Port 47716 (HTTP) open
[22:20:36] [!] Port 53208 (HTTP) close.
[22:20:36] [*] Brute forcing password...
[22:20:37] [*] Target found at 38.127.92.164
[22:20:38] [*] Accessing system...
[22:20:38] [+] Operation complete.
[22:20:39] [+] D-DOS Complete.
[22:20:40] [!] Backdoor installed successfully.
[22:20:41] [*] Exfiltrating data...
[22:20:41] [+] Port 47716 (HTTP) open
[22:20:42] [!] Port 53208 (HTTP) close.
[22:20:43] [!] ERR 404 Target 181.44.169.176 is No Found.
[22:20:43] [+] Admin panel compromised
[22:20:44] [!] D-DOS Confirmed.
[22:20:44] [!] Attack Failed: Attack Type: D-DOS Error Format: Defended
[22:20:45] [+] Admin panel compromised
[22:20:46] [+] Port 47716 (HTTP) open
[22:20:47] [!] ERR 404 Target 181.44.169.176 is No Found.
[22:20:47] [*] Brute forcing password...
[22:20:48] [!] Port 53208 (HTTP) close.
[22:20:49] [!] D-DOS Confirmed.
[22:20:49] [+] Port 47716 (HTTP) open
[SYSTEM] Hacking stopping...
