[INFO] App version: v2.7_b, beta: true
[.] Loading modules
[..] Initializing network
[...] Connecting...
[16:11:10] [!] ERR 404 Target 58.2.9.83 is No Found.
[16:11:11] [+] D-DOS Complete.
[16:11:12] [*] Uploading malware...
[16:11:12] [+] Port 17570 (SSH) open
[16:11:13] [!] Attack Failed: Attack Type: Worm computer virus program(aaa.exe) Error Format: Defended(deleted File)
[16:11:13] [*] Brute forcing password...
[16:11:14] [*] Target found at 211.197.241.182
[16:11:14] [+] Port 17570 (SSH) open
[16:11:15] [+] Port 17570 (SSH) open
[16:11:15] [+] Downloading files...
[16:11:16] [+] Admin panel compromised
[16:11:17] [*] Uploading malware...
[16:11:17] [!] D-DOS Confirmed.
[16:11:18] [+] Connected to secure shell
[16:11:19] [*] Uploading malware...
[16:11:19] [!] ERR 404 Target 58.2.9.83 is No Found.
[16:11:20] [!] D-DOS Confirmed.
[16:11:21] [+] Downloading files...
[16:11:21] [!] Port 36364 (SSH) close
[16:11:22] [+] Port 51882 (HTTP) open
[16:11:23] [!] Port 36364 (SSH) close
[16:11:23] [+] Port 17570 (SSH) open
[16:11:24] [!] D-DOS Confirmed.
[16:11:25] [*] Target found at 211.197.241.182
[16:11:25] [+] Port 51882 (HTTP) open
[16:11:26] [*] Reestablishing connection...
[16:11:27] [*] Accessing system...
[16:11:27] [!] Attack Failed: Attack Type: D-DOS Error Format: Defended
[16:11:28] [+] Admin panel compromised
[16:11:29] [*] Target found at 211.197.241.182
[16:11:29] [!] Firewall bypassed
[16:11:29] [!] Attack Failed: Attack Type: Worm computer virus program(aaa.exe) Error Format: Defended(deleted File)
[16:11:30] [+] Port 51882 (HTTP) open
[16:11:31] [*] Target found at 211.197.241.182
[16:11:32] [*] Reestablishing connection...
[16:11:33] [*] Scanning open ports...
[16:11:34] [+] Port 51882 (HTTP) open
[16:11:34] [*] Target found at 211.197.241.182
[16:11:35] [!] D-DOS Confirmed.
[16:11:35] [*] Accessing system...
[16:11:35] [!] ERR 404 Target 58.2.9.83 is No Found.
[16:11:36] [!] Attack Failed: Attack Type: D-DOS Error Format: Defended
[16:11:37] [*] Target found at 211.197.241.182
[16:11:37] [!] Port 3773 (HTTP) close.
[16:11:38] [+] Port 17570 (SSH) open
[16:11:39] [*] Brute forcing password...
[16:11:39] [!] D-DOS Confirmed.
[16:11:40] [+] Operation complete.
[16:11:40] [!] Attack Failed: Attack Type: Worm computer virus program(aaa.exe) Error Format: Defended(deleted File)
[16:11:41] [!] Attack Failed: Attack Type: Worm computer virus program(aaa.exe) Error Format: Defended(deleted File)
[16:11:41] [!] Attack Failed: Attack Type: Worm computer virus program(aaa.exe) Error Format: Defended(deleted File)
[16:11:42] [+] Port 31548 open
[16:11:43] [!] ERR 404 Target 58.2.9.83 is No Found.
[16:11:43] [!] ERR 404 Target 58.2.9.83 is No Found.
[16:11:44] [*] Scanning open ports...
[16:11:44] [+] Connected to secure shell
[16:11:45] [+] Connected to secure shell
[16:11:45] [+] Operation complete.
[16:11:46] [+] Port 51882 (HTTP) open
[16:11:47] [+] Admin panel compromised
[16:11:48] [+] Operation complete.
[16:11:48] [+] Port 17570 (SSH) open
[16:11:49] [+] D-DOS Complete.
[16:11:49] [+] Admin panel compromised
[16:11:50] [+] Connected to secure shell
