[INFO] App version: v2.7_b, beta: true
[.] Loading modules
[..] Initializing network
[...] Connecting...
[21:30:13] [*] Brute forcing password...
[21:30:14] [!] Port 48540 (HTTP) close.
[21:30:14] [!] Backdoor installed successfully.
[21:30:15] [!] ERR 404 Target 34.196.161.144 is No Found.
[21:30:16] [+] Port 61185 (HTTP) open
[21:30:17] [!] Connection lost.
[21:30:18] [!] Backdoor installed successfully.
[21:30:18] [+] D-DOS Complete.
[21:30:19] [+] Connected to secure shell
[21:30:19] [+] Port 9561 (SSH) open
[21:30:20] [+] Operation complete.
[21:30:21] [+] Port 9561 (SSH) open
[21:30:21] [+] Operation complete.
[21:30:21] [*] Reestablishing connection...
[21:30:22] [!] Backdoor installed successfully.
[21:30:22] [!] Attack Failed: Attack Type: Worm computer virus program(aaa.exe) Error Format: Defended(deleted File)
[21:30:23] [!] Port 48540 (HTTP) close.
[21:30:23] [+] Connected to secure shell
[21:30:24] [!] Backdoor installed successfully.
[21:30:24] [!] Attack Failed: Attack Type: Worm computer virus program(aaa.exe) Error Format: Defended(deleted File)
[21:30:25] [!] Attack Failed: Attack Type: Worm computer virus program(aaa.exe) Error Format: Defended(deleted File)
[21:30:26] [!] Port 48540 (HTTP) close.
[21:30:26] [*] Exfiltrating data...
[21:30:27] [!] Attack Failed: Attack Type: Worm computer virus program(aaa.exe) Error Format: Defended(deleted File)
[21:30:28] [*] Uploading malware...
[21:30:28] [+] Port 9561 (SSH) open
[21:30:28] [+] D-DOS Complete.
[21:30:29] [!] ERR 404 Target 34.196.161.144 is No Found.
[21:30:30] [*] Brute forcing password...
[21:30:30] [*] Accessing system...
