[INFO] App version: v2.7_b, beta: true
[.] Loading modules
[..] Initializing network
[...] Connecting...
[SYSTEM] Hacking stopping...
[.] Loading modules
[..] Initializing network
[...] Connecting...
[21:30:37] [!] Attack Failed: Attack Type: D-DOS Error Format: Defended
[21:30:37] [!] Attack Failed: Attack Type: Worm computer virus program(aaa.exe) Error Format: Defended(deleted File)
[21:30:38] [*] Scanning open ports...
[21:30:39] [+] Port 52999 (SSH) open
[21:30:40] [*] Scanning open ports...
[21:30:40] [+] Port 52999 (SSH) open
[21:30:41] [*] Target found at 173.110.80.193
[21:30:41] [!] Attack Failed: Attack Type: Worm computer virus program(aaa.exe) Error Format: Defended(deleted File)
[21:30:42] [*] Brute forcing password...
[21:30:43] [!] Backdoor installed successfully.
[21:30:43] [!] Attack Failed: Attack Type: Worm computer virus program(aaa.exe) Error Format: Defended(deleted File)
[21:30:44] [+] Port 25694 open
[21:30:45] [*] Exfiltrating data...
