[INFO] App version: v2.7_b, beta: True
[.] Loading modules
[..] Initializing network
[...] Connecting...
[19:05:44] [*] Scanning open ports...
[SYSTEM] Hacking stopping...
[.] Loading modules
[..] Initializing network
[...] Connecting...
[SYSTEM] Hacking stopping...
[INFO] App version: v2.7_b, beta: true
[INFO] Started at: Thu Jul 24 21:10:15 KST 2025
[.] Loading modules
[..] Initializing network
[...] Connecting...
[21:10:24] [!] Firewall bypassed
[21:10:25] [*] Reestablishing connection...
[21:10:25] [!] Backdoor installed successfully.
[21:10:26] [*] Scanning open ports...
[21:10:26] [*] Uploading malware...
[21:10:27] [+] Port 59412 open
[21:10:28] [!] Connection lost.
[21:10:28] [+] Connected to secure shell
[21:10:29] [*] Scanning open ports...
[21:10:29] [+] Port 1839 open
[21:10:30] [+] Downloading files...
[21:10:30] [*] Brute forcing password...
[21:10:31] [+] Port 53610 open
[21:10:32] [+] Downloading files...
[21:10:33] [!] Backdoor installed successfully.
[21:10:34] [*] Scanning open ports...
[21:10:34] [*] Exfiltrating data...
[21:10:35] [*] Scanning open ports...
[21:10:36] [*] Brute forcing password...
[21:10:36] [+] Downloading files...
[21:10:37] [!] Connection lost.
[21:10:38] [*] Exfiltrating data...
[21:10:39] [*] Uploading malware...
[21:10:39] [!] Connection lost.
[21:10:40] [!] Firewall bypassed
[21:10:40] [+] Connected to secure shell
[21:10:41] [!] Firewall bypassed
[21:10:42] [+] Password found: b259e348
[21:10:43] [+] Downloading files...
[21:10:43] [*] Accessing system...
[21:10:44] [*] Uploading malware...
[21:10:44] [+] Password found: 363bc202
[21:10:45] [+] Connected to secure shell
[21:10:46] [*] Accessing system...
[21:10:47] [*] Exfiltrating data...
[21:10:48] [!] Connection lost.
[21:10:49] [*] Accessing system...
[21:10:49] [+] Connected to secure shell
[21:10:50] [!] Firewall bypassed
[21:10:50] [+] Downloading files...
[21:10:51] [+] Password found: bbc62188
[21:10:52] [*] Target found at 224.237.84.33
[21:10:53] [*] Accessing system...
[21:10:54] [+] Port 61973 open
[21:10:54] [+] Connected to secure shell
[21:10:55] [+] Admin panel compromised
[21:10:56] [+] Port 12910 open
[21:10:57] [*] Exfiltrating data...
[21:10:57] [!] Firewall bypassed
[21:10:58] [*] Brute forcing password...
[21:10:58] [*] Reestablishing connection...
[21:10:59] [*] Target found at 252.199.107.184
[21:11:00] [!] Firewall bypassed
[21:11:00] [+] Downloading files...
[21:11:01] [*] Uploading malware...
[21:11:02] [!] Backdoor installed successfully.
[21:11:02] [!] Firewall bypassed
[21:11:03] [+] Admin panel compromised
[21:11:04] [!] Firewall bypassed
[21:11:04] [+] Password found: fdf0e91a
[21:11:05] [+] Downloading files...
[21:11:06] [!] Firewall bypassed
[21:11:07] [+] Port 38559 open
[21:11:08] [*] Target found at 46.23.200.166
[21:11:08] [!] Connection lost.
[21:11:09] [*] Target found at 254.104.136.151
[21:11:10] [*] Target found at 45.73.163.82
[21:11:11] [+] Downloading files...
[21:11:11] [*] Reestablishing connection...
[21:11:12] [!] Firewall bypassed
[21:11:12] [*] Accessing system...
[21:11:13] [+] Password found: 67b8b88f
[21:11:14] [!] Connection lost.
[21:11:15] [*] Exfiltrating data...
[21:11:16] [!] Backdoor installed successfully.
[21:11:16] [+] Downloading files...
[21:11:17] [+] Downloading files...
[21:11:18] [*] Scanning open ports...
[21:11:18] [*] Scanning open ports...
[SYSTEM] Hacking stopped.
